<?xml version="1.0" encoding="UTF-8"?>
<!-- Generated by org.testng.reporters.JUnitReportReporter -->
<testsuite hostname="DESKTOP-26VJQ16" failures="0" tests="1" name="testScript.CallDetailsValidation" time="64.115" errors="0" timestamp="2021-03-05T09:27:55 IST" skipped="0">
  <testcase classname="testScript.CallDetailsValidation" name="test1" time="64.115"/>
  <system-out/>
</testsuite> <!-- testScript.CallDetailsValidation -->
